[0m14:04:34.808317 [debug] [MainThread]: Sending event: {'category': 'dbt', 'action': 'invocation', 'label': 'start', 'context': [<snowplow_tracker.self_describing_json.SelfDescribingJson object at 0x000002438C187E80>, <snowplow_tracker.self_describing_json.SelfDescribingJson object at 0x000002438EB632B0>, <snowplow_tracker.self_describing_json.SelfDescribingJson object at 0x000002438EB63040>]}


============================== 14:04:34.811331 | d08d75cb-219b-41f2-879e-57faf4453270 ==============================
[0m14:04:34.811331 [info ] [MainThread]: Running with dbt=1.6.6
[0m14:04:34.811331 [debug] [MainThread]: running dbt with arguments {'printer_width': '80', 'indirect_selection': 'eager', 'log_cache_events': 'False', 'write_json': 'True', 'partial_parse': 'True', 'cache_selected_only': 'False', 'warn_error': 'None', 'debug': 'False', 'profiles_dir': 'C:\\Users\\b_mpo\\.dbt', 'log_path': 'logs', 'version_check': 'True', 'fail_fast': 'False', 'use_colors': 'True', 'use_experimental_parser': 'False', 'no_print': 'None', 'quiet': 'False', 'log_format': 'default', 'introspect': 'True', 'static_parser': 'True', 'invocation_command': 'dbt init', 'target_path': 'None', 'warn_error_options': 'WarnErrorOptions(include=[], exclude=[])', 'send_anonymous_usage_stats': 'True'}
[0m14:04:34.811331 [warn ] [MainThread]: [ConfigFolderDirectory]: Unable to parse dict {'dir': WindowsPath('C:/Users/b_mpo/.dbt')}
[0m14:04:34.816379 [info ] [MainThread]: Creating dbt configuration folder at 
[0m14:05:09.011081 [debug] [MainThread]: Starter project path: C:\Work\Anaconda\envs\dbt-env-hot-ones\lib\site-packages\dbt\include\starter_project
[0m14:05:09.021109 [info ] [MainThread]: 
Your new dbt project "hot_ones_data_engineering" was created!

For more information on how to configure the profiles.yml file,
please consult the dbt documentation here:

  https://docs.getdbt.com/docs/configure-your-profile

One more thing:

Need help? Don't hesitate to reach out to us via GitHub issues or on Slack:

  https://community.getdbt.com/

Happy modeling!

[0m14:05:09.021109 [info ] [MainThread]: Setting up your profile.
[0m14:05:21.900878 [info ] [MainThread]: Profile hot_ones_data_engineering written to C:\Users\b_mpo\.dbt\profiles.yml using target's sample configuration. Once updated, you'll be able to start developing with dbt.
[0m14:05:21.900878 [debug] [MainThread]: Command `dbt init` succeeded at 14:05:21.900878 after 47.10 seconds
[0m14:05:21.900878 [debug] [MainThread]: Sending event: {'category': 'dbt', 'action': 'invocation', 'label': 'end', 'context': [<snowplow_tracker.self_describing_json.SelfDescribingJson object at 0x000002438C187E80>, <snowplow_tracker.self_describing_json.SelfDescribingJson object at 0x000002438EB8B820>, <snowplow_tracker.self_describing_json.SelfDescribingJson object at 0x000002438EB8B520>]}
[0m14:05:21.900878 [debug] [MainThread]: Flushing usage events
[0m14:51:09.201027 [debug] [MainThread]: Sending event: {'category': 'dbt', 'action': 'invocation', 'label': 'start', 'context': [<snowplow_tracker.self_describing_json.SelfDescribingJson object at 0x000002AFA8317A30>, <snowplow_tracker.self_describing_json.SelfDescribingJson object at 0x000002AFAACE3CA0>, <snowplow_tracker.self_describing_json.SelfDescribingJson object at 0x000002AFAACE3490>]}


============================== 14:51:09.201027 | ca44e1a8-a706-49b0-b3a7-4b711d47ed71 ==============================
[0m14:51:09.201027 [info ] [MainThread]: Running with dbt=1.6.6
[0m14:51:09.206048 [debug] [MainThread]: running dbt with arguments {'printer_width': '80', 'indirect_selection': 'eager', 'write_json': 'True', 'log_cache_events': 'False', 'partial_parse': 'True', 'cache_selected_only': 'False', 'warn_error': 'None', 'fail_fast': 'False', 'version_check': 'True', 'log_path': 'logs', 'profiles_dir': 'C:\\Users\\b_mpo\\.dbt', 'debug': 'False', 'use_colors': 'True', 'use_experimental_parser': 'False', 'no_print': 'None', 'quiet': 'False', 'log_format': 'default', 'introspect': 'True', 'invocation_command': 'dbt run --select episodes', 'warn_error_options': 'WarnErrorOptions(include=[], exclude=[])', 'target_path': 'None', 'static_parser': 'True', 'send_anonymous_usage_stats': 'True'}
[0m14:51:09.206048 [error] [MainThread]: Encountered an error:
Runtime Error
  No dbt_project.yml found at expected path C:\Work\Projects\hot ones data engineering project\dbt_project.yml
  Verify that each entry within packages.yml (and their transitive dependencies) contains a file named dbt_project.yml
  
[0m14:51:09.206048 [debug] [MainThread]: Command `dbt run` failed at 14:51:09.206048 after 0.03 seconds
[0m14:51:09.206048 [debug] [MainThread]: Sending event: {'category': 'dbt', 'action': 'invocation', 'label': 'end', 'context': [<snowplow_tracker.self_describing_json.SelfDescribingJson object at 0x000002AFA8317A30>, <snowplow_tracker.self_describing_json.SelfDescribingJson object at 0x000002AFAACE3310>, <snowplow_tracker.self_describing_json.SelfDescribingJson object at 0x000002AFAACE3460>]}
[0m14:51:09.206048 [debug] [MainThread]: Flushing usage events
